<?xml version="1.0" encoding="UTF-8"?>
<!-- Generated by org.testng.reporters.JUnitReportReporter -->
<testsuite skipped="0" hostname="PS-WIN-LP-91" name="com.qtpselenium.zoho.project.testcases.PotentialTest" tests="2" failures="0" timestamp="10 Jun 2019 09:12:17 GMT" time="161.926" errors="0">
  <testcase name="createPotentialTest" time="108.086" classname="com.qtpselenium.zoho.project.testcases.PotentialTest"/>
  <testcase name="deletePotentialAccountTest" time="53.840" classname="com.qtpselenium.zoho.project.testcases.PotentialTest"/>
</testsuite> <!-- com.qtpselenium.zoho.project.testcases.PotentialTest -->
