<?xml version="1.0" encoding="UTF-8"?>
<!-- Generated by org.testng.reporters.JUnitReportReporter -->
<testsuite skipped="1" hostname="PS-WIN-LP-91" name="com.qtpselenium.zoho.project.testcases.LoginTest" tests="2" failures="0" timestamp="10 Jun 2019 09:12:17 GMT" time="39.856" errors="0">
  <testcase name="doLoginTest" time="38.717" classname="com.qtpselenium.zoho.project.testcases.LoginTest"/>
  <testcase name="doLoginTest" time="1.139" classname="com.qtpselenium.zoho.project.testcases.LoginTest">
    <skipped/>
  </testcase> <!-- doLoginTest -->
</testsuite> <!-- com.qtpselenium.zoho.project.testcases.LoginTest -->
